<?xml version="1.0" encoding="UTF-8"?>
<!-- Generated by org.testng.reporters.JUnitReportReporter -->
<testsuite hostname="SHEKHAR" failures="0" tests="1" name="grid.Class2" time="30.356" errors="0" timestamp="2023-06-08T12:46:10 IST" skipped="0">
  <testcase classname="grid.Class2" name="scenario1" time="30.356"/>
  <system-out/>
</testsuite> <!-- grid.Class2 -->
