<?xml version="1.0" encoding="UTF-8"?>
<!-- Generated by org.testng.reporters.JUnitReportReporter -->
<testsuite hostname="SHEKHAR" failures="0" tests="2" name="selenium.Testannotations" time="0.023" errors="0" timestamp="06 Jun 2023 05:21:12 GMT" skipped="0">
  <testcase classname="selenium.Testannotations" name="testCasel" time="0.007"/>
  <testcase classname="selenium.Testannotations" name="testscenrio1" time="0.016"/>
</testsuite> <!-- selenium.Testannotations -->
