<?xml version="1.0" encoding="UTF-8"?>
<!-- Generated by org.testng.reporters.JUnitReportReporter -->
<testsuite hostname="SHEKHAR" failures="0" tests="1" name="org.Manipal.testcases.TestCase1" time="7.963" errors="0" timestamp="2023-06-06T17:01:34 IST" skipped="0">
  <testcase classname="org.Manipal.testcases.TestCase1" name="scenario1" time="7.963"/>
  <system-out/>
</testsuite> <!-- org.Manipal.testcases.TestCase1 -->
