<?xml version="1.0" encoding="UTF-8"?>
<!-- Generated by org.testng.reporters.JUnitReportReporter -->
<testsuite hostname="SHEKHAR" failures="0" tests="2" name="grid.Prac" time="42.142" errors="0" timestamp="2023-06-08T15:50:15 IST" skipped="0">
  <testcase classname="grid.Prac" name="appleSite" time="21.463"/>
  <system-out/>
  <testcase classname="grid.Prac" name="appleSite" time="20.679"/>
  <system-out/>
</testsuite> <!-- grid.Prac -->
