<?xml version="1.0" encoding="UTF-8"?>
<!-- Generated by org.testng.reporters.JUnitReportReporter -->
<testsuite hostname="SHEKHAR" failures="0" tests="1" name="selenium.testngconcepts" time="0.013" errors="0" timestamp="06 Jun 2023 04:57:41 GMT" skipped="0">
  <testcase classname="selenium.testngconcepts" name="testscenrio1" time="0.013"/>
</testsuite> <!-- selenium.testngconcepts -->
