<?xml version="1.0" encoding="UTF-8"?>
<!-- Generated by org.testng.reporters.JUnitReportReporter -->
<testsuite hostname="SHEKHAR" failures="0" tests="1" name="grid.Class1" time="6.581" errors="0" timestamp="2023-06-08T12:46:10 IST" skipped="0">
  <testcase classname="grid.Class1" name="scenario1" time="6.581"/>
  <system-out/>
</testsuite> <!-- grid.Class1 -->
